<?xml version="1.0" encoding="UTF-8"?>
<!-- Generated by org.testng.reporters.JUnitXMLReporter -->
<testsuite ignored="2" hostname="rganjare" failures="0" tests="2" name="Test" time="50.717" errors="0" timestamp="2024-09-27T19:06:07 IST">
  <testcase classname="com.companyname.projectname.modulename.testcases.RegisterNewUserTestDataWithDP" name="registerNewUserTestDataWithDP" time="6.027"/>
  <testcase classname="com.companyname.projectname.modulename.testcases.RegisterNewUserTestDataWithDP_POM" name="registerNewUserTestDataWithDP_POM" time="7.854"/>
  <testcase classname="com.companyname.projectname.modulename.testbase.TestBase" name="@BeforeSuite loadPropFiles" time="0.0">
    <ignored/>
  </testcase> <!-- @BeforeSuite loadPropFiles -->
  <testcase classname="com.companyname.projectname.modulename.testbase.TestBase" name="@AfterSuite generateReport" time="0.0">
    <ignored/>
  </testcase> <!-- @AfterSuite generateReport -->
</testsuite> <!-- Test -->
