<?xml version="1.0" encoding="UTF-8"?>
<!-- Generated by org.testng.reporters.JUnitXMLReporter -->
<testsuite ignored="10" hostname="rganjare" failures="0" tests="6" name="Test" time="100.78" errors="0" timestamp="2024-09-27T22:21:40 IST">
  <testcase classname="com.companyname.projectname.modulename.testcases.RegisterNewUserTestDataWithDP_POM" name="@BeforeClass getTestCaseName" time="0.0">
    <skipped/>
  </testcase> <!-- @BeforeClass getTestCaseName -->
  <testcase classname="com.companyname.projectname.modulename.testbase.TestBase" name="@BeforeMethod launchBrowser" time="0.0">
    <skipped/>
  </testcase> <!-- @BeforeMethod launchBrowser -->
  <testcase classname="com.companyname.projectname.modulename.testcases.RegisterNewUserTestDataWithDP_POM_1" name="@BeforeClass getTestCaseName" time="0.001">
    <skipped/>
  </testcase> <!-- @BeforeClass getTestCaseName -->
  <testcase classname="com.companyname.projectname.modulename.testbase.TestBase" name="@BeforeMethod launchBrowser" time="0.0">
    <skipped/>
  </testcase> <!-- @BeforeMethod launchBrowser -->
  <testcase classname="com.companyname.projectname.modulename.testcases.RegisterNewUserTestDataWithDP_POM_3" name="@BeforeClass getTestCaseName" time="0.0">
    <skipped/>
  </testcase> <!-- @BeforeClass getTestCaseName -->
  <testcase classname="com.companyname.projectname.modulename.testbase.TestBase" name="@BeforeMethod launchBrowser" time="0.0">
    <skipped/>
  </testcase> <!-- @BeforeMethod launchBrowser -->
  <testcase classname="com.companyname.projectname.modulename.testcases.RegisterNewUserTestDataWithDP_POM_4" name="@BeforeClass getTestCaseName" time="0.001">
    <skipped/>
  </testcase> <!-- @BeforeClass getTestCaseName -->
  <testcase classname="com.companyname.projectname.modulename.testbase.TestBase" name="@BeforeMethod launchBrowser" time="0.0">
    <skipped/>
  </testcase> <!-- @BeforeMethod launchBrowser -->
  <testcase classname="com.companyname.projectname.modulename.testcases.RegisterNewUserTestDataWithDP" name="registerNewUserTestDataWithDP" time="9.387"/>
  <testcase classname="com.companyname.projectname.modulename.testcases.RegisterNewUserTestDataWithDP_POM" name="registerNewUserTestDataWithDP_POM" time="0.0">
    <skipped/>
  </testcase> <!-- registerNewUserTestDataWithDP_POM -->
  <testcase classname="com.companyname.projectname.modulename.testcases.RegisterNewUserTestDataWithDP_POM_1" name="registerNewUserTestDataWithDP_POM_1" time="0.0">
    <skipped/>
  </testcase> <!-- registerNewUserTestDataWithDP_POM_1 -->
  <testcase classname="com.companyname.projectname.modulename.testcases.RegisterNewUserTestDataWithDP_POM_2" name="registerNewUserTestDataWithDP_POM_2" time="26.319"/>
  <testcase classname="com.companyname.projectname.modulename.testcases.RegisterNewUserTestDataWithDP_POM_3" name="registerNewUserTestDataWithDP_POM_3" time="0.0">
    <skipped/>
  </testcase> <!-- registerNewUserTestDataWithDP_POM_3 -->
  <testcase classname="com.companyname.projectname.modulename.testcases.RegisterNewUserTestDataWithDP_POM_4" name="registerNewUserTestDataWithDP_POM_4" time="0.0">
    <skipped/>
  </testcase> <!-- registerNewUserTestDataWithDP_POM_4 -->
  <testcase classname="com.companyname.projectname.modulename.testbase.TestBase" name="@BeforeSuite loadPropFiles" time="0.0">
    <ignored/>
  </testcase> <!-- @BeforeSuite loadPropFiles -->
  <testcase classname="com.companyname.projectname.modulename.testbase.TestBase" name="@AfterSuite generateReport" time="0.0">
    <ignored/>
  </testcase> <!-- @AfterSuite generateReport -->
  <testcase classname="com.companyname.projectname.modulename.testbase.TestBase" name="@BeforeSuite loadPropFiles" time="0.0">
    <ignored/>
  </testcase> <!-- @BeforeSuite loadPropFiles -->
  <testcase classname="com.companyname.projectname.modulename.testbase.TestBase" name="@AfterSuite generateReport" time="0.0">
    <ignored/>
  </testcase> <!-- @AfterSuite generateReport -->
  <testcase classname="com.companyname.projectname.modulename.testbase.TestBase" name="@BeforeSuite loadPropFiles" time="0.0">
    <ignored/>
  </testcase> <!-- @BeforeSuite loadPropFiles -->
  <testcase classname="com.companyname.projectname.modulename.testbase.TestBase" name="@AfterSuite generateReport" time="0.0">
    <ignored/>
  </testcase> <!-- @AfterSuite generateReport -->
  <testcase classname="com.companyname.projectname.modulename.testbase.TestBase" name="@BeforeSuite loadPropFiles" time="0.0">
    <ignored/>
  </testcase> <!-- @BeforeSuite loadPropFiles -->
  <testcase classname="com.companyname.projectname.modulename.testbase.TestBase" name="@BeforeSuite loadPropFiles" time="0.0">
    <ignored/>
  </testcase> <!-- @BeforeSuite loadPropFiles -->
  <testcase classname="com.companyname.projectname.modulename.testbase.TestBase" name="@AfterSuite generateReport" time="0.0">
    <ignored/>
  </testcase> <!-- @AfterSuite generateReport -->
  <testcase classname="com.companyname.projectname.modulename.testbase.TestBase" name="@AfterSuite generateReport" time="0.0">
    <ignored/>
  </testcase> <!-- @AfterSuite generateReport -->
</testsuite> <!-- Test -->
