<?xml version="1.0" encoding="UTF-8"?>
<testng-results ignored="0" total="2" passed="2" failed="0" skipped="0">
  <reporter-output>
  </reporter-output>
  <suite started-at="2024-09-27T19:05:16 IST" name="Regression Suite" finished-at="2024-09-27T19:06:07 IST" duration-ms="50717">
    <groups>
    </groups>
    <test started-at="2024-09-27T19:05:16 IST" name="Test" finished-at="2024-09-27T19:06:07 IST" duration-ms="50717">
      <class name="com.companyname.projectname.modulename.testcases.RegisterNewUserTestDataWithDP">
        <test-method is-config="true" signature="loadPropFiles()[pri:0, instance:com.companyname.projectname.modulename.testcases.RegisterNewUserTestDataWithDP@17f9d882]" started-at="2024-09-27T19:05:14 IST" name="loadPropFiles" finished-at="2024-09-27T19:05:16 IST" duration-ms="2861" status="PASS">
          <reporter-output>
          </reporter-output>
        </test-method> <!-- loadPropFiles -->
        <test-method is-config="true" signature="getTestCaseName()[pri:0, instance:com.companyname.projectname.modulename.testcases.RegisterNewUserTestDataWithDP@17f9d882]" started-at="2024-09-27T19:05:16 IST" name="getTestCaseName" finished-at="2024-09-27T19:05:16 IST" duration-ms="1" status="PASS">
          <reporter-output>
          </reporter-output>
        </test-method> <!-- getTestCaseName -->
        <test-method is-config="true" signature="launchBrowser()[pri:0, instance:com.companyname.projectname.modulename.testcases.RegisterNewUserTestDataWithDP@17f9d882]" started-at="2024-09-27T19:05:17 IST" name="launchBrowser" finished-at="2024-09-27T19:05:32 IST" duration-ms="14976" status="PASS">
          <reporter-output>
          </reporter-output>
        </test-method> <!-- launchBrowser -->
        <test-method signature="registerNewUserTestDataWithDP(java.util.Hashtable)[pri:0, instance:com.companyname.projectname.modulename.testcases.RegisterNewUserTestDataWithDP@17f9d882]" started-at="2024-09-27T19:05:32 IST" name="registerNewUserTestDataWithDP" data-provider="data_Collection" finished-at="2024-09-27T19:05:38 IST" duration-ms="6027" status="PASS">
          <params>
            <param index="0">
              <value>
                <![CDATA[{Home_Page_Text=New User Signup!, Accnt_Info_Page_Text=ENTER ACCOUNT INFORMATION, Pin_Code=435234, Last_Name=Shweta_LastName, Address=Shweta_Address, DOB_Year=1995, DOB_Month=May, Mobile_no=34567893456, City=Pune, DOB_Days=14, First_Name=Shweta, Page_Title=Automation Exercise, Email_Address=Shweta_test@gmail.com}]]>
              </value>
            </param>
          </params>
          <reporter-output>
          </reporter-output>
        </test-method> <!-- registerNewUserTestDataWithDP -->
        <test-method is-config="true" signature="tearDown()[pri:0, instance:com.companyname.projectname.modulename.testcases.RegisterNewUserTestDataWithDP@17f9d882]" started-at="2024-09-27T19:05:38 IST" name="tearDown" finished-at="2024-09-27T19:05:43 IST" duration-ms="5520" status="PASS">
          <reporter-output>
          </reporter-output>
        </test-method> <!-- tearDown -->
        <test-method is-config="true" signature="generateReport()[pri:0, instance:com.companyname.projectname.modulename.testcases.RegisterNewUserTestDataWithDP@17f9d882]" started-at="2024-09-27T19:06:07 IST" name="generateReport" finished-at="2024-09-27T19:06:08 IST" duration-ms="616" status="PASS">
          <reporter-output>
          </reporter-output>
        </test-method> <!-- generateReport -->
      </class> <!-- com.companyname.projectname.modulename.testcases.RegisterNewUserTestDataWithDP -->
      <class name="com.companyname.projectname.modulename.testcases.RegisterNewUserTestDataWithDP_POM">
        <test-method is-config="true" signature="getTestCaseName()[pri:0, instance:com.companyname.projectname.modulename.testcases.RegisterNewUserTestDataWithDP_POM@1349883]" started-at="2024-09-27T19:05:43 IST" name="getTestCaseName" finished-at="2024-09-27T19:05:43 IST" duration-ms="0" status="PASS">
          <reporter-output>
          </reporter-output>
        </test-method> <!-- getTestCaseName -->
        <test-method is-config="true" signature="launchBrowser()[pri:0, instance:com.companyname.projectname.modulename.testcases.RegisterNewUserTestDataWithDP_POM@1349883]" started-at="2024-09-27T19:05:43 IST" name="launchBrowser" finished-at="2024-09-27T19:05:54 IST" duration-ms="10455" status="PASS">
          <reporter-output>
          </reporter-output>
        </test-method> <!-- launchBrowser -->
        <test-method signature="registerNewUserTestDataWithDP_POM(java.util.Hashtable)[pri:0, instance:com.companyname.projectname.modulename.testcases.RegisterNewUserTestDataWithDP_POM@1349883]" started-at="2024-09-27T19:05:54 IST" name="registerNewUserTestDataWithDP_POM" data-provider="data_Collection" finished-at="2024-09-27T19:06:01 IST" duration-ms="7854" status="PASS">
          <params>
            <param index="0">
              <value>
                <![CDATA[{Home_Page_Text=New User Signup!, Accnt_Info_Page_Text=ENTER ACCOUNT INFORMATION, Pin_Code=43524334, Last_Name=Deepika_LastName, Address=Deepika_Address, DOB_Year=1996, DOB_Month=June, Mobile_no=33242427893456, City=Mumbai, DOB_Days=15, First_Name=Deepika, Page_Title=Automation Exercise, Email_Address=Deepika_test@gmail.com}]]>
              </value>
            </param>
          </params>
          <reporter-output>
          </reporter-output>
        </test-method> <!-- registerNewUserTestDataWithDP_POM -->
        <test-method is-config="true" signature="tearDown()[pri:0, instance:com.companyname.projectname.modulename.testcases.RegisterNewUserTestDataWithDP_POM@1349883]" started-at="2024-09-27T19:06:01 IST" name="tearDown" finished-at="2024-09-27T19:06:07 IST" duration-ms="5799" status="PASS">
          <reporter-output>
          </reporter-output>
        </test-method> <!-- tearDown -->
      </class> <!-- com.companyname.projectname.modulename.testcases.RegisterNewUserTestDataWithDP_POM -->
    </test> <!-- Test -->
  </suite> <!-- Regression Suite -->
</testng-results>
