<?xml version="1.0" encoding="UTF-8"?>
<testsuite xmlns:xsi="http://www.w3.org/2001/XMLSchema-instance" xsi:noNamespaceSchemaLocation="https://maven.apache.org/surefire/maven-surefire-plugin/xsd/surefire-test-report.xsd" version="3.0.2" name="TestSuite" time="55.781" tests="2" errors="0" skipped="0" failures="0">
  <properties>
[...]
</properties>
  <testcase name="registerNewUserTestDataWithDP[{Home_Page_Text=New User Signup!, Accnt_Info_Page_Text=ENTER ACCOUNT INFORMATION, Pin_Code=435234, Last_Name=Shweta_LastName, Address=Shweta_Address, DOB_Year=1995, DOB_Month=May, Mobile_no=34567893456, City=Pune, DOB_Days=14, First_Name=Shweta, Page_Title=Automation Exercise, Email_Address=Shweta_test@gmail.com}](1)" classname="com.companyname.projectname.modulename.testcases.RegisterNewUserTestDataWithDP" time="6.023">
    <system-out><![CDATA[Reading config file
Config file is loaded
Reading OR file
OR file is loaded
2024-09-27T13:35:15.231275300Z main ERROR Log4j2 could not find a logging implementation. Please add log4j-core to the classpath. Using SimpleLogger to log to the console...
RegisterNewUserTestDataWithDP test case starts from row number :- 1
Total number of columns are:- 13
Total number of iterations/rows are :- 1
***************************************************

----{Home_Page_Text=New User Signup!, Accnt_Info_Page_Text=ENTER ACCOUNT INFORMATION, Pin_Code=435234, Last_Name=Shweta_LastName, Address=Shweta_Address, DOB_Year=1995, DOB_Month=May, Mobile_no=34567893456, City=Pune, DOB_Days=14, First_Name=Shweta, Page_Title=Automation Exercise, Email_Address=Shweta_test@gmail.com}
Chrome Driver is launched
Page title is verified and Title is: Automation Exercise
User clicked on SignUpLogIn button
Page text is verified and the text is: New User Signup!
User entered Shweta
User entered email address and it's value is: Shweta_test@gmail.com
User clicked on SignUp button
Page text is verified and the text is: ENTER ACCOUNT INFORMATION
User clicked on Mrs. Radio Button
User entered Password entered and it's value is: Test@1234
14 value is selected from the dropdown box
May value is selected from the dropdown box
1995 value is selected from the dropdown box
]]></system-out>
    <system-err><![CDATA[SLF4J: Failed to load class "org.slf4j.impl.StaticLoggerBinder".
SLF4J: Defaulting to no-operation (NOP) logger implementation
SLF4J: See http://www.slf4j.org/codes.html#StaticLoggerBinder for further details.
Sep 27, 2024 7:05:26 PM org.openqa.selenium.devtools.CdpVersionFinder findNearestMatch
WARNING: Unable to find an exact match for CDP version 129, returning the closest version; found: 127; Please update to a Selenium version that supports CDP version 129
]]></system-err>
  </testcase>
  <testcase name="registerNewUserTestDataWithDP_POM[{Home_Page_Text=New User Signup!, Accnt_Info_Page_Text=ENTER ACCOUNT INFORMATION, Pin_Code=43524334, Last_Name=Deepika_LastName, Address=Deepika_Address, DOB_Year=1996, DOB_Month=June, Mobile_no=33242427893456, City=Mumbai, DOB_Days=15, First_Name=Deepika, Page_Title=Automation Exercise, Email_Address=Deepika_test@gmail.com}](1)" classname="com.companyname.projectname.modulename.testcases.RegisterNewUserTestDataWithDP_POM" time="7.855">
    <system-out><![CDATA[RegisterNewUserTestDataWithDP_POM test case starts from row number :- 5
Total number of columns are:- 13
Total number of iterations/rows are :- 1
***************************************************

----{Home_Page_Text=New User Signup!, Accnt_Info_Page_Text=ENTER ACCOUNT INFORMATION, Pin_Code=43524334, Last_Name=Deepika_LastName, Address=Deepika_Address, DOB_Year=1996, DOB_Month=June, Mobile_no=33242427893456, City=Mumbai, DOB_Days=15, First_Name=Deepika, Page_Title=Automation Exercise, Email_Address=Deepika_test@gmail.com}
Chrome Driver is launched
Page title is verified and Title is: Automation Exercise
Page text is verified and the text is: New User Signup!
User entered Deepika
User entered email address and it's value is: Deepika_test@gmail.com
User clicked on SignUp button
Page text is verified and the text is: ENTER ACCOUNT INFORMATION
User clicked on Mrs. Radio Button
User entered Password entered and it's value is: Password@123
15 value is selected from the dropdown box
June value is selected from the dropdown box
1996 value is selected from the dropdown box
Code to enter address details
]]></system-out>
    <system-err><![CDATA[Sep 27, 2024 7:05:46 PM org.openqa.selenium.devtools.CdpVersionFinder findNearestMatch
WARNING: Unable to find an exact match for CDP version 129, returning the closest version; found: 127; Please update to a Selenium version that supports CDP version 129
]]></system-err>
  </testcase>
</testsuite>